<?xml version="1.0" encoding="UTF-8"?>
<testng-results skipped="0" failed="0" ignored="0" total="1" passed="1">
  <reporter-output>
  </reporter-output>
  <suite name="Default suite" duration-ms="14892" started-at="2022-05-19T12:35:24 IST" finished-at="2022-05-19T12:35:39 IST">
    <groups>
    </groups>
    <test name="Default test" duration-ms="14892" started-at="2022-05-19T12:35:24 IST" finished-at="2022-05-19T12:35:39 IST">
      <class name="com.reSonance.regression.RegressionTests">
        <test-method status="PASS" signature="verifyTitleOfHomePage()[pri:0, instance:com.reSonance.regression.RegressionTests@2de8284b]" name="verifyTitleOfHomePage" duration-ms="14857" started-at="2022-05-19T12:35:24 IST" finished-at="2022-05-19T12:35:39 IST">
          <reporter-output>
          </reporter-output>
        </test-method> <!-- verifyTitleOfHomePage -->
      </class> <!-- com.reSonance.regression.RegressionTests -->
    </test> <!-- Default test -->
  </suite> <!-- Default suite -->
</testng-results>
